# JRE version: OpenJDK Runtime Environment Temurin-21.0.9+10 (21.0.9+10) (build 21.0.9+10-LTS)
# Java VM: OpenJDK 64-Bit Server VM Temurin-21.0.9+10 (21.0.9+10-LTS, mixed mode, sharing, tiered, compressed oops, compressed class ptrs, g1 gc, windows-amd64)
GC Precious Log:
 CardTable entry size: 512
 Card Set container configuration: InlinePtr #cards 5 size 8 Array Of Cards #cards 12 size 40 Howl #buckets 4 coarsen threshold 1843 Howl Bitmap #cards 512 size 80 coarsen threshold 460 Card regions per heap region 1 cards per card region 2048
 CPUs: 4 total, 4 available
 Memory: 8113M
 Large Page Support: Disabled
 NUMA Support: Disabled
 Compressed Oops: Enabled (32-bit)
 Heap Region Size: 1M
 Heap Min Capacity: 8M
 Heap Initial Capacity: 128M
 Heap Max Capacity: 2030M
 Pre-touch: Disabled
 Parallel Workers: 4
 Concurrent Workers: 1
 Concurrent Refinement Workers: 4
 Periodic GC: Disabled
Heap:
 garbage-first heap   total 471040K, used 215040K [0x0000000081200000, 0x0000000100000000)
  region size 1024K, 92 young (94208K), 26 survivors (26624K)
 Metaspace       used 89934K, committed 90688K, reserved 1179648K
  class space    used 12319K, committed 12672K, reserved 1048576K
GC Heap History (20 events):
Event: 16.023 GC heap before
{Heap before GC invocations=21 (full 0):
 garbage-first heap   total 80896K, used 64512K [0x0000000081200000, 0x0000000100000000)
  region size 1024K, 21 young (21504K), 4 survivors (4096K)
 Metaspace       used 76547K, committed 77248K, reserved 1179648K
  class space    used 10428K, committed 10752K, reserved 1048576K
}
Event: 16.036 GC heap after
{Heap after GC invocations=22 (full 0):
 garbage-first heap   total 80896K, used 54653K [0x0000000081200000, 0x0000000100000000)
  region size 1024K, 3 young (3072K), 3 survivors (3072K)
 Metaspace       used 76547K, committed 77248K, reserved 1179648K
  class space    used 10428K, committed 10752K, reserved 1048576K
}
Event: 16.143 GC heap before
{Heap before GC invocations=22 (full 0):
 garbage-first heap   total 80896K, used 70013K [0x0000000081200000, 0x0000000100000000)
  region size 1024K, 17 young (17408K), 3 survivors (3072K)
 Metaspace       used 76554K, committed 77248K, reserved 1179648K
  class space    used 10429K, committed 10752K, reserved 1048576K
}
Event: 16.155 GC heap after
{Heap after GC invocations=23 (full 0):
 garbage-first heap   total 80896K, used 59392K [0x0000000081200000, 0x0000000100000000)
  region size 1024K, 3 young (3072K), 3 survivors (3072K)
 Metaspace       used 76554K, committed 77248K, reserved 1179648K
  class space    used 10429K, committed 10752K, reserved 1048576K
}
Event: 16.238 GC heap before
{Heap before GC invocations=24 (full 0):
 garbage-first heap   total 99328K, used 71680K [0x0000000081200000, 0x0000000100000000)
  region size 1024K, 15 young (15360K), 3 survivors (3072K)
 Metaspace       used 76562K, committed 77248K, reserved 1179648K
  class space    used 10429K, committed 10752K, reserved 1048576K
}
Event: 16.244 GC heap after
{Heap after GC invocations=25 (full 0):
 garbage-first heap   total 99328K, used 61856K [0x0000000081200000, 0x0000000100000000)
  region size 1024K, 2 young (2048K), 2 survivors (2048K)
 Metaspace       used 76562K, committed 77248K, reserved 1179648K
  class space    used 10429K, committed 10752K, reserved 1048576K
}
Event: 16.302 GC heap before
{Heap before GC invocations=25 (full 0):
 garbage-first heap   total 99328K, used 82336K [0x0000000081200000, 0x0000000100000000)
  region size 1024K, 22 young (22528K), 2 survivors (2048K)
 Metaspace       used 76573K, committed 77248K, reserved 1179648K
  class space    used 10429K, committed 10752K, reserved 1048576K
}
Event: 16.310 GC heap after
{Heap after GC invocations=26 (full 0):
 garbage-first heap   total 201728K, used 64680K [0x0000000081200000, 0x0000000100000000)
  region size 1024K, 3 young (3072K), 3 survivors (3072K)
 Metaspace       used 76573K, committed 77248K, reserved 1179648K
  class space    used 10429K, committed 10752K, reserved 1048576K
}
Event: 16.714 GC heap before
{Heap before GC invocations=26 (full 0):
 garbage-first heap   total 201728K, used 142504K [0x0000000081200000, 0x0000000100000000)
  region size 1024K, 79 young (80896K), 3 survivors (3072K)
 Metaspace       used 78402K, committed 79104K, reserved 1179648K
  class space    used 10808K, committed 11136K, reserved 1048576K
}
Event: 16.721 GC heap after
{Heap after GC invocations=27 (full 0):
 garbage-first heap   total 201728K, used 65704K [0x0000000081200000, 0x0000000100000000)
  region size 1024K, 4 young (4096K), 4 survivors (4096K)
 Metaspace       used 78402K, committed 79104K, reserved 1179648K
  class space    used 10808K, committed 11136K, reserved 1048576K
}
Event: 16.948 GC heap before
{Heap before GC invocations=27 (full 0):
 garbage-first heap   total 201728K, used 161960K [0x0000000081200000, 0x0000000100000000)
  region size 1024K, 99 young (101376K), 4 survivors (4096K)
 Metaspace       used 78418K, committed 79104K, reserved 1179648K
  class space    used 10808K, committed 11136K, reserved 1048576K
}
Event: 16.968 GC heap after
{Heap after GC invocations=28 (full 0):
 garbage-first heap   total 201728K, used 81424K [0x0000000081200000, 0x0000000100000000)
  region size 1024K, 14 young (14336K), 14 survivors (14336K)
 Metaspace       used 78418K, committed 79104K, reserved 1179648K
  class space    used 10808K, committed 11136K, reserved 1048576K
}
Event: 17.202 GC heap before
{Heap before GC invocations=29 (full 0):
 garbage-first heap   total 201728K, used 158224K [0x0000000081200000, 0x0000000100000000)
  region size 1024K, 96 young (98304K), 14 survivors (14336K)
 Metaspace       used 78418K, committed 79104K, reserved 1179648K
  class space    used 10808K, committed 11136K, reserved 1048576K
}
Event: 17.254 GC heap after
{Heap after GC invocations=30 (full 0):
 garbage-first heap   total 202752K, used 103841K [0x0000000081200000, 0x0000000100000000)
  region size 1024K, 12 young (12288K), 12 survivors (12288K)
 Metaspace       used 78418K, committed 79104K, reserved 1179648K
  class space    used 10808K, committed 11136K, reserved 1048576K
}
Event: 17.433 GC heap before
{Heap before GC invocations=30 (full 0):
 garbage-first heap   total 202752K, used 160161K [0x0000000081200000, 0x0000000100000000)
  region size 1024K, 67 young (68608K), 12 survivors (12288K)
 Metaspace       used 78456K, committed 79168K, reserved 1179648K
  class space    used 10808K, committed 11136K, reserved 1048576K
}
Event: 17.455 GC heap after
{Heap after GC invocations=31 (full 0):
 garbage-first heap   total 202752K, used 107008K [0x0000000081200000, 0x0000000100000000)
  region size 1024K, 8 young (8192K), 8 survivors (8192K)
 Metaspace       used 78456K, committed 79168K, reserved 1179648K
  class space    used 10808K, committed 11136K, reserved 1048576K
}
Event: 17.525 GC heap before
{Heap before GC invocations=31 (full 0):
 garbage-first heap   total 202752K, used 140800K [0x0000000081200000, 0x0000000100000000)
  region size 1024K, 42 young (43008K), 8 survivors (8192K)
 Metaspace       used 78456K, committed 79168K, reserved 1179648K
  class space    used 10808K, committed 11136K, reserved 1048576K
}
Event: 17.549 GC heap after
{Heap after GC invocations=32 (full 0):
 garbage-first heap   total 471040K, used 121856K [0x0000000081200000, 0x0000000100000000)
  region size 1024K, 8 young (8192K), 8 survivors (8192K)
 Metaspace       used 78456K, committed 79168K, reserved 1179648K
  class space    used 10808K, committed 11136K, reserved 1048576K
}
Event: 19.902 GC heap before
{Heap before GC invocations=32 (full 0):
 garbage-first heap   total 471040K, used 324608K [0x0000000081200000, 0x0000000100000000)
  region size 1024K, 203 young (207872K), 8 survivors (8192K)
 Metaspace       used 84860K, committed 85632K, reserved 1179648K
  class space    used 11722K, committed 12032K, reserved 1048576K
}
Event: 19.968 GC heap after
{Heap after GC invocations=33 (full 0):
 garbage-first heap   total 471040K, used 148480K [0x0000000081200000, 0x0000000100000000)
  region size 1024K, 26 young (26624K), 26 survivors (26624K)
 Metaspace       used 84860K, committed 85632K, reserved 1179648K
  class space    used 11722K, committed 12032K, reserved 1048576K
}

